

*******************************************************************************
Thu Sep 25 09:17:31 2014


FIT:    data read from 'lcdemo.dat'
        format = z
        #datapoints = 37
        residuals are weighted equally (unit weight)

function used for fitting: l(x)
fitted parameters initialized with current variable values



 Iteration 0
 WSSR        : 39.0181           delta(WSSR)/WSSR   : 0
 delta(WSSR) : 0                 limit for stopping : 1e-005
 lambda	  : 31.929

initial set of free parameter values

y0              = 1e-030
m               = 1e-030

After 6 iterations the fit converged.
final sum of squares of residuals : 6.57125e-006
rel. change during last iteration : -3.50335e-009

degrees of freedom    (FIT_NDF)                        : 35
rms of residuals      (FIT_STDFIT) = sqrt(WSSR/ndf)    : 0.000433301
variance of residuals (reduced chisquare) = WSSR/ndf   : 1.8775e-007

Final set of parameters            Asymptotic Standard Error
=======================            ==========================

y0              = 1.08017          +/- 0.001321     (0.1223%)
m               = -0.00118152      +/- 2.926e-005   (2.476%)


correlation matrix of the fit parameters:

               y0     m      
y0              1.000 
m              -0.999  1.000 


*******************************************************************************
Thu Sep 25 09:17:31 2014


FIT:    data read from 'lcdemo.dat' using 1:2:3
        format = x:z:s
        #datapoints = 37
function used for fitting: l(x)
fitted parameters initialized with current variable values



 Iteration 0
 WSSR        : 2.19e-006         delta(WSSR)/WSSR   : 0
 delta(WSSR) : 0                 limit for stopping : 1e-005
 lambda	  : 19.251

initial set of free parameter values

y0              = 1.08017
m               = -0.00118152

After 6 iterations the fit converged.
final sum of squares of residuals : 6.68495e-008
rel. change during last iteration : -2.17349e-011

degrees of freedom    (FIT_NDF)                        : 35
rms of residuals      (FIT_STDFIT) = sqrt(WSSR/ndf)    : 4.37034e-005
variance of residuals (reduced chisquare) = WSSR/ndf   : 1.90999e-009

Final set of parameters            Asymptotic Standard Error
=======================            ==========================

y0              = 1.07275          +/- 0.0002606    (0.0243%)
m               = -0.00100356      +/- 6.097e-006   (0.6075%)


correlation matrix of the fit parameters:

               y0     m      
y0              1.000 
m              -0.999  1.000 


*******************************************************************************
Thu Sep 25 09:17:31 2014


FIT:    data read from 'lcdemo.dat' using 1:2:4
        format = x:z:s
        #datapoints = 37
function used for fitting: l(x)
fitted parameters initialized with current variable values



 Iteration 0
 WSSR        : 0.0016737         delta(WSSR)/WSSR   : 0
 delta(WSSR) : 0                 limit for stopping : 1e-005
 lambda	  : 173.512

initial set of free parameter values

y0              = 1.07275
m               = -0.00100356

After 6 iterations the fit converged.
final sum of squares of residuals : 6.49459e-005
rel. change during last iteration : -1.71117e-011

degrees of freedom    (FIT_NDF)                        : 35
rms of residuals      (FIT_STDFIT) = sqrt(WSSR/ndf)    : 0.0013622
variance of residuals (reduced chisquare) = WSSR/ndf   : 1.8556e-006

Final set of parameters            Asymptotic Standard Error
=======================            ==========================

y0              = 1.06986          +/- 0.00161      (0.1504%)
m               = -0.000969051     +/- 3.422e-005   (3.532%)


correlation matrix of the fit parameters:

               y0     m      
y0              1.000 
m              -1.000  1.000 


*******************************************************************************
Thu Sep 25 09:17:31 2014


FIT:    data read from 'lcdemo.dat' using 1:2:5
        format = x:z:s
        #datapoints = 37
function used for fitting: l(x)
fitted parameters initialized with current variable values



 Iteration 0
 WSSR        : 0.789806          delta(WSSR)/WSSR   : 0
 delta(WSSR) : 0                 limit for stopping : 1e-005
 lambda	  : 21345.1

initial set of free parameter values

y0              = 1.06986
m               = -0.000969051

After 6 iterations the fit converged.
final sum of squares of residuals : 0.77377
rel. change during last iteration : -4.80035e-012

degrees of freedom    (FIT_NDF)                        : 35
rms of residuals      (FIT_STDFIT) = sqrt(WSSR/ndf)    : 0.148687
variance of residuals (reduced chisquare) = WSSR/ndf   : 0.0221077

Final set of parameters            Asymptotic Standard Error
=======================            ==========================

y0              = 1.06865          +/- 0.001484     (0.1389%)
m               = -0.00094352      +/- 3.154e-005   (3.343%)


correlation matrix of the fit parameters:

               y0     m      
y0              1.000 
m              -1.000  1.000 


*******************************************************************************
Thu Sep 25 09:17:32 2014


FIT:    data read from 'lcdemo.dat'
        format = z
        #datapoints = 37
        residuals are weighted equally (unit weight)

function used for fitting: density(x)
fitted parameters and initial values from file: start.par



 Iteration 0
 WSSR        : 0.00089287        delta(WSSR)/WSSR   : 0
 delta(WSSR) : 0                 limit for stopping : 1e-005
 lambda	  : 1.09683

initial set of free parameter values

ml              = -0.0005
mh              = -0.0005
dens_Tc         = 1.02
Tc              = 45
g               = 1
b               = 0.01002

After 24 iterations the fit converged.
final sum of squares of residuals : 9.00226e-008
rel. change during last iteration : -5.59608e-006

degrees of freedom    (FIT_NDF)                        : 31
rms of residuals      (FIT_STDFIT) = sqrt(WSSR/ndf)    : 5.38884e-005
variance of residuals (reduced chisquare) = WSSR/ndf   : 2.90396e-009

Final set of parameters            Asymptotic Standard Error
=======================            ==========================

ml              = -0.00100004      +/- 7.816e-006   (0.7815%)
mh              = -0.000831266     +/- 1.544e-005   (1.858%)
dens_Tc         = 1.02497          +/- 3.191e-005   (0.003114%)
Tc              = 46.0899          +/- 0.007592     (0.01647%)
g               = 3.8558           +/- 0.2224       (5.768%)
b               = 0.00153901       +/- 4.101e-005   (2.665%)


correlation matrix of the fit parameters:

               ml     mh     dens_T Tc     g      b      
ml              1.000 
mh              0.018  1.000 
dens_Tc        -0.044 -0.790  1.000 
Tc              0.121  0.511 -0.749  1.000 
g              -0.558 -0.123  0.249 -0.582  1.000 
b               0.673  0.536 -0.678  0.503 -0.567  1.000 


*******************************************************************************
Thu Sep 25 09:17:32 2014


FIT:    data read from 'lcdemo.dat'
        format = z
        #datapoints = 37
        residuals are weighted equally (unit weight)

function used for fitting: density(x)
fitted parameters and initial values from file: start.par



 Iteration 0
 WSSR        : 0.00089287        delta(WSSR)/WSSR   : 0
 delta(WSSR) : 0                 limit for stopping : 1e-010
 lambda	  : 1.09683

initial set of free parameter values

ml              = -0.0005
mh              = -0.0005
dens_Tc         = 1.02
Tc              = 45
g               = 1
b               = 0.01002

After 40 iterations the fit converged.
final sum of squares of residuals : 9.00221e-008
rel. change during last iteration : -9.07679e-011

degrees of freedom    (FIT_NDF)                        : 31
rms of residuals      (FIT_STDFIT) = sqrt(WSSR/ndf)    : 5.38882e-005
variance of residuals (reduced chisquare) = WSSR/ndf   : 2.90394e-009

Final set of parameters            Asymptotic Standard Error
=======================            ==========================

ml              = -0.00100004      +/- 7.816e-006   (0.7815%)
mh              = -0.000831266     +/- 1.544e-005   (1.858%)
dens_Tc         = 1.02497          +/- 3.191e-005   (0.003114%)
Tc              = 46.0899          +/- 0.007592     (0.01647%)
g               = 3.85585          +/- 0.2224       (5.768%)
b               = 0.00153901       +/- 4.101e-005   (2.665%)


correlation matrix of the fit parameters:

               ml     mh     dens_T Tc     g      b      
ml              1.000 
mh              0.018  1.000 
dens_Tc        -0.044 -0.790  1.000 
Tc              0.121  0.511 -0.749  1.000 
g              -0.558 -0.123  0.249 -0.582  1.000 
b               0.673  0.536 -0.678  0.503 -0.567  1.000 


*******************************************************************************
Thu Sep 25 09:17:32 2014


FIT:    data read from 'hemisphr.dat' using 1:2:3:(1)
        format = x:y:z:s
        #datapoints = 249
function used for fitting: h(x,y)
fitted parameters initialized with current variable values



 Iteration 0
 WSSR        : 21.2626           delta(WSSR)/WSSR   : 0
 delta(WSSR) : 0                 limit for stopping : 1e-005
 lambda	  : 1.04153

initial set of free parameter values

r               = 0.5
x0              = 0.1
y0              = 0.2
z0              = 0.3

Maximum iteration count (50) reached. Fit stopped.
final sum of squares of residuals : 0.0873913
rel. change during last iteration : -0.104984

degrees of freedom    (FIT_NDF)                        : 245
rms of residuals      (FIT_STDFIT) = sqrt(WSSR/ndf)    : 0.0188865
variance of residuals (reduced chisquare) = WSSR/ndf   : 0.000356699

Final set of parameters            Asymptotic Standard Error
=======================            ==========================

r               = 1.00102          +/- 0.0003912    (0.03908%)
x0              = -0.000308323     +/- 0.0003267    (105.9%)
y0              = 0.000600252      +/- 0.0004063    (67.69%)
z0              = 0.00253471       +/- 0.001616     (63.74%)


correlation matrix of the fit parameters:

               r      x0     y0     z0     
r               1.000 
x0             -0.228  1.000 
y0             -0.092 -0.841  1.000 
z0             -0.671  0.154  0.045  1.000 


*******************************************************************************
Thu Sep 25 09:17:32 2014


FIT:    data read from 'soundvel.dat' using 1:-2:2:(1)
        format = x:y:z:s
        #datapoints = 149
function used for fitting: f(x,y)
fitted parameters and initial values from file: sound.par



 Iteration 0
 WSSR        : 1.66518e+007      delta(WSSR)/WSSR   : 0
 delta(WSSR) : 0                 limit for stopping : 1e-005
 lambda	  : 106.375

initial set of free parameter values

c33             = 9
c11             = 6
c44             = 1
c13             = 4
phi0            = 20

After 5 iterations the fit converged.
final sum of squares of residuals : 78701.4
rel. change during last iteration : -7.57102e-008

degrees of freedom    (FIT_NDF)                        : 144
rms of residuals      (FIT_STDFIT) = sqrt(WSSR/ndf)    : 23.3781
variance of residuals (reduced chisquare) = WSSR/ndf   : 546.537

Final set of parameters            Asymptotic Standard Error
=======================            ==========================

c33             = 12.5887          +/- 0.02898      (0.2302%)
c11             = 5.49005          +/- 0.01846      (0.3363%)
c44             = 0.701948         +/- 0.009755     (1.39%)
c13             = 3.99875          +/- 0.03177      (0.7946%)
phi0            = -0.399583        +/- 0.13         (32.54%)


correlation matrix of the fit parameters:

               c33    c11    c44    c13    phi0   
c33             1.000 
c11            -0.066  1.000 
c44            -0.198 -0.278  1.000 
c13            -0.141  0.028 -0.086  1.000 
phi0            0.114 -0.022  0.034  0.181  1.000 


*******************************************************************************
Thu Sep 25 09:17:32 2014


FIT:    data read from 'soundvel.dat' every 5 using 1:-2:2:(1)
        format = x:y:z:s
        #datapoints = 31
function used for fitting: f(x,y)
fitted parameters and initial values from file: sound.par



 Iteration 0
 WSSR        : 3.41564e+006      delta(WSSR)/WSSR   : 0
 delta(WSSR) : 0                 limit for stopping : 1e-005
 lambda	  : 105.913

initial set of free parameter values

c33             = 9
c11             = 6
c44             = 1
c13             = 4
phi0            = 20

After 6 iterations the fit converged.
final sum of squares of residuals : 19071.4
rel. change during last iteration : -6.82517e-009

degrees of freedom    (FIT_NDF)                        : 26
rms of residuals      (FIT_STDFIT) = sqrt(WSSR/ndf)    : 27.0835
variance of residuals (reduced chisquare) = WSSR/ndf   : 733.517

Final set of parameters            Asymptotic Standard Error
=======================            ==========================

c33             = 12.5489          +/- 0.07395      (0.5893%)
c11             = 5.49073          +/- 0.04794      (0.8732%)
c44             = 0.705488         +/- 0.02385      (3.381%)
c13             = 3.93766          +/- 0.08229      (2.09%)
phi0            = -0.898932        +/- 0.3067       (34.11%)


correlation matrix of the fit parameters:

               c33    c11    c44    c13    phi0   
c33             1.000 
c11            -0.067  1.000 
c44            -0.227 -0.251  1.000 
c13            -0.196  0.051 -0.066  1.000 
phi0            0.086  0.006 -0.005  0.147  1.000 


*******************************************************************************
Thu Sep 25 09:17:32 2014


FIT:    data read from 'soundvel.dat' using 1:-2:2:(1)
        format = x:y:z:s
        #datapoints = 149
function used for fitting: f(x,y)
fitted parameters and initial values from file: sound2.par

FIXED:  c44	= 1	    
FIXED:  c13	= 4	    


 Iteration 0
 WSSR        : 9.79459e+006      delta(WSSR)/WSSR   : 0
 delta(WSSR) : 0                 limit for stopping : 1e-005
 lambda	  : 75.9851

initial set of free parameter values

c33             = 9
c11             = 6
phi0            = 0.0001

After 4 iterations the fit converged.
final sum of squares of residuals : 530146
rel. change during last iteration : -1.13295e-006

degrees of freedom    (FIT_NDF)                        : 146
rms of residuals      (FIT_STDFIT) = sqrt(WSSR/ndf)    : 60.2589
variance of residuals (reduced chisquare) = WSSR/ndf   : 3631.14

Final set of parameters            Asymptotic Standard Error
=======================            ==========================

c33             = 12.4011          +/- 0.07251      (0.5847%)
c11             = 5.34015          +/- 0.0462       (0.8651%)
phi0            = -0.162075        +/- 0.3543       (218.6%)


correlation matrix of the fit parameters:

               c33    c11    phi0   
c33             1.000 
c11            -0.135  1.000 
phi0            0.153  0.001  1.000 


*******************************************************************************
Thu Sep 25 09:17:32 2014


FIT:    data read from 'soundvel.dat' using 1:-2:2:(1)
        format = x:y:z:s
        #datapoints = 149
function used for fitting: f(x,y)
fitted parameters initialized with current variable values



 Iteration 0
 WSSR        : 1.66518e+007      delta(WSSR)/WSSR   : 0
 delta(WSSR) : 0                 limit for stopping : 1e-005
 lambda	  : 76.1591

initial set of free parameter values

c33             = 9
c11             = 6
phi0            = 20

After 4 iterations the fit converged.
final sum of squares of residuals : 530146
rel. change during last iteration : -2.62278e-006

degrees of freedom    (FIT_NDF)                        : 146
rms of residuals      (FIT_STDFIT) = sqrt(WSSR/ndf)    : 60.2589
variance of residuals (reduced chisquare) = WSSR/ndf   : 3631.14

Final set of parameters            Asymptotic Standard Error
=======================            ==========================

c33             = 12.4011          +/- 0.07251      (0.5847%)
c11             = 5.34015          +/- 0.0462       (0.8651%)
phi0            = -0.161896        +/- 0.3543       (218.9%)


correlation matrix of the fit parameters:

               c33    c11    phi0   
c33             1.000 
c11            -0.135  1.000 
phi0            0.153  0.001  1.000 


*******************************************************************************
Thu Sep 25 09:17:33 2014


FIT:    data read from 'moli3.dat' u 1:2:3
        format = x:z:s
        #datapoints = 125
function used for fitting: R(x)
fitted parameters initialized with current variable values



 Iteration 0
 WSSR        : 11442             delta(WSSR)/WSSR   : 0
 delta(WSSR) : 0                 limit for stopping : 1e-010
 lambda	  : 276065

initial set of free parameter values

eta             = 0.00012
tc              = 0.0018

After 11 iterations the fit converged.
final sum of squares of residuals : 4672.97
rel. change during last iteration : -6.32403e-011

degrees of freedom    (FIT_NDF)                        : 123
rms of residuals      (FIT_STDFIT) = sqrt(WSSR/ndf)    : 6.16374
variance of residuals (reduced chisquare) = WSSR/ndf   : 37.9916

Final set of parameters            Asymptotic Standard Error
=======================            ==========================

eta             = 0.000100782      +/- 1.963e-006   (1.947%)
tc              = 0.00202128       +/- 7.901e-005   (3.909%)


correlation matrix of the fit parameters:

               eta    tc     
eta             1.000 
tc              0.426  1.000 


*******************************************************************************
Thu Sep 25 09:17:33 2014


FIT:    data read from 'fit3.dat' index 0 using 1:2:4:(1)
        format = x:y:z:s
        z range restricted to [-3.00000 : 3.00000]
        #datapoints = 121
function used for fitting: a0/(1+a1*x**2+a2*y**2)
fitted parameters initialized with current variable values



 Iteration 0
 WSSR        : 192.008           delta(WSSR)/WSSR   : 0
 delta(WSSR) : 0                 limit for stopping : 1e-010
 lambda	  : 1.07821

initial set of free parameter values

a0              = 1
a1              = 0.1
a2              = 0.1

After 7 iterations the fit converged.
final sum of squares of residuals : 1.06046
rel. change during last iteration : -2.61569e-011

degrees of freedom    (FIT_NDF)                        : 118
rms of residuals      (FIT_STDFIT) = sqrt(WSSR/ndf)    : 0.0947997
variance of residuals (reduced chisquare) = WSSR/ndf   : 0.00898699

Final set of parameters            Asymptotic Standard Error
=======================            ==========================

a0              = -3.02276         +/- 0.05612      (1.857%)
a1              = 0.529104         +/- 0.02538      (4.798%)
a2              = 0.485019         +/- 0.02338      (4.821%)


correlation matrix of the fit parameters:

               a0     a1     a2     
a0              1.000 
a1             -0.636  1.000 
a2             -0.638  0.235  1.000 


*******************************************************************************
Thu Sep 25 09:17:33 2014


FIT:    data read from 'fit3.dat' in 3 u 1:2:4:(1)
        format = x:y:z:s
        z range restricted to [-3.00000 : 3.00000]
        #datapoints = 120
function used for fitting: a0/(1+a1*x**2+a2*y**2)
fitted parameters initialized with current variable values



 Iteration 0
 WSSR        : 271.203           delta(WSSR)/WSSR   : 0
 delta(WSSR) : 0                 limit for stopping : 1e-010
 lambda	  : 0.41817

initial set of free parameter values

a0              = -3.02276
a1              = 0.529104
a2              = 0.485019

After 7 iterations the fit converged.
final sum of squares of residuals : 1.17261
rel. change during last iteration : -3.78718e-016

degrees of freedom    (FIT_NDF)                        : 117
rms of residuals      (FIT_STDFIT) = sqrt(WSSR/ndf)    : 0.100112
variance of residuals (reduced chisquare) = WSSR/ndf   : 0.0100223

Final set of parameters            Asymptotic Standard Error
=======================            ==========================

a0              = 3.11978          +/- 0.0752       (2.41%)
a1              = 0.511296         +/- 0.02835      (5.544%)
a2              = 0.546667         +/- 0.03019      (5.522%)


correlation matrix of the fit parameters:

               a0     a1     a2     
a0              1.000 
a1              0.718  1.000 
a2              0.716  0.376  1.000 


*******************************************************************************
Thu Sep 25 09:17:33 2014


FIT:    data read from 'fit3.dat' u 1:2:3:4:(1)
        format = x:y:t:z:s
        z range restricted to [-3.00000 : 3.00000]
        #datapoints = 483
function used for fitting: f(x,y,t)
fitted parameters initialized with current variable values



 Iteration 0
 WSSR        : 663.276           delta(WSSR)/WSSR   : 0
 delta(WSSR) : 0                 limit for stopping : 1e-010
 lambda	  : 0.911415

initial set of free parameter values

a0              = 3.11978
a1              = 0.511296
a2              = 0.546667

After 5 iterations the fit converged.
final sum of squares of residuals : 4.56745
rel. change during last iteration : -4.67205e-012

degrees of freedom    (FIT_NDF)                        : 480
rms of residuals      (FIT_STDFIT) = sqrt(WSSR/ndf)    : 0.0975476
variance of residuals (reduced chisquare) = WSSR/ndf   : 0.00951553

Final set of parameters            Asymptotic Standard Error
=======================            ==========================

a0              = 1.02179          +/- 0.01414      (1.384%)
a1              = 0.517782         +/- 0.01766      (3.41%)
a2              = 0.508891         +/- 0.01737      (3.414%)


correlation matrix of the fit parameters:

               a0     a1     a2     
a0              1.000 
a1              0.669  1.000 
a2              0.669  0.289  1.000 


*******************************************************************************
Thu Sep 25 09:18:12 2014


FIT:    data read from 'lcdemo.dat'
        format = z
        #datapoints = 37
        residuals are weighted equally (unit weight)

function used for fitting: l(x)
fitted parameters initialized with current variable values



 Iteration 0
 WSSR        : 39.0181           delta(WSSR)/WSSR   : 0
 delta(WSSR) : 0                 limit for stopping : 1e-005
 lambda	  : 31.929

initial set of free parameter values

y0              = 1e-030
m               = 1e-030

After 6 iterations the fit converged.
final sum of squares of residuals : 6.57125e-006
rel. change during last iteration : -3.50335e-009

degrees of freedom    (FIT_NDF)                        : 35
rms of residuals      (FIT_STDFIT) = sqrt(WSSR/ndf)    : 0.000433301
variance of residuals (reduced chisquare) = WSSR/ndf   : 1.8775e-007

Final set of parameters            Asymptotic Standard Error
=======================            ==========================

y0              = 1.08017          +/- 0.001321     (0.1223%)
m               = -0.00118152      +/- 2.926e-005   (2.476%)


correlation matrix of the fit parameters:

               y0     m      
y0              1.000 
m              -0.999  1.000 


*******************************************************************************
Thu Sep 25 09:18:12 2014


FIT:    data read from 'lcdemo.dat' using 1:2:3
        format = x:z:s
        #datapoints = 37
function used for fitting: l(x)
fitted parameters initialized with current variable values



 Iteration 0
 WSSR        : 2.19e-006         delta(WSSR)/WSSR   : 0
 delta(WSSR) : 0                 limit for stopping : 1e-005
 lambda	  : 19.251

initial set of free parameter values

y0              = 1.08017
m               = -0.00118152

After 6 iterations the fit converged.
final sum of squares of residuals : 6.68495e-008
rel. change during last iteration : -2.17349e-011

degrees of freedom    (FIT_NDF)                        : 35
rms of residuals      (FIT_STDFIT) = sqrt(WSSR/ndf)    : 4.37034e-005
variance of residuals (reduced chisquare) = WSSR/ndf   : 1.90999e-009

Final set of parameters            Asymptotic Standard Error
=======================            ==========================

y0              = 1.07275          +/- 0.0002606    (0.0243%)
m               = -0.00100356      +/- 6.097e-006   (0.6075%)


correlation matrix of the fit parameters:

               y0     m      
y0              1.000 
m              -0.999  1.000 


*******************************************************************************
Thu Sep 25 09:18:12 2014


FIT:    data read from 'lcdemo.dat' using 1:2:4
        format = x:z:s
        #datapoints = 37
function used for fitting: l(x)
fitted parameters initialized with current variable values



 Iteration 0
 WSSR        : 0.0016737         delta(WSSR)/WSSR   : 0
 delta(WSSR) : 0                 limit for stopping : 1e-005
 lambda	  : 173.512

initial set of free parameter values

y0              = 1.07275
m               = -0.00100356

After 6 iterations the fit converged.
final sum of squares of residuals : 6.49459e-005
rel. change during last iteration : -1.71117e-011

degrees of freedom    (FIT_NDF)                        : 35
rms of residuals      (FIT_STDFIT) = sqrt(WSSR/ndf)    : 0.0013622
variance of residuals (reduced chisquare) = WSSR/ndf   : 1.8556e-006

Final set of parameters            Asymptotic Standard Error
=======================            ==========================

y0              = 1.06986          +/- 0.00161      (0.1504%)
m               = -0.000969051     +/- 3.422e-005   (3.532%)


correlation matrix of the fit parameters:

               y0     m      
y0              1.000 
m              -1.000  1.000 


*******************************************************************************
Thu Sep 25 09:18:12 2014


FIT:    data read from 'lcdemo.dat' using 1:2:5
        format = x:z:s
        #datapoints = 37
function used for fitting: l(x)
fitted parameters initialized with current variable values



 Iteration 0
 WSSR        : 0.789806          delta(WSSR)/WSSR   : 0
 delta(WSSR) : 0                 limit for stopping : 1e-005
 lambda	  : 21345.1

initial set of free parameter values

y0              = 1.06986
m               = -0.000969051

After 6 iterations the fit converged.
final sum of squares of residuals : 0.77377
rel. change during last iteration : -4.80035e-012

degrees of freedom    (FIT_NDF)                        : 35
rms of residuals      (FIT_STDFIT) = sqrt(WSSR/ndf)    : 0.148687
variance of residuals (reduced chisquare) = WSSR/ndf   : 0.0221077

Final set of parameters            Asymptotic Standard Error
=======================            ==========================

y0              = 1.06865          +/- 0.001484     (0.1389%)
m               = -0.00094352      +/- 3.154e-005   (3.343%)


correlation matrix of the fit parameters:

               y0     m      
y0              1.000 
m              -1.000  1.000 


*******************************************************************************
Thu Sep 25 09:18:12 2014


FIT:    data read from 'lcdemo.dat'
        format = z
        #datapoints = 37
        residuals are weighted equally (unit weight)

function used for fitting: density(x)
fitted parameters and initial values from file: start.par



 Iteration 0
 WSSR        : 0.00089287        delta(WSSR)/WSSR   : 0
 delta(WSSR) : 0                 limit for stopping : 1e-005
 lambda	  : 1.09683

initial set of free parameter values

ml              = -0.0005
mh              = -0.0005
dens_Tc         = 1.02
Tc              = 45
g               = 1
b               = 0.01002

After 24 iterations the fit converged.
final sum of squares of residuals : 9.00226e-008
rel. change during last iteration : -5.59608e-006

degrees of freedom    (FIT_NDF)                        : 31
rms of residuals      (FIT_STDFIT) = sqrt(WSSR/ndf)    : 5.38884e-005
variance of residuals (reduced chisquare) = WSSR/ndf   : 2.90396e-009

Final set of parameters            Asymptotic Standard Error
=======================            ==========================

ml              = -0.00100004      +/- 7.816e-006   (0.7815%)
mh              = -0.000831266     +/- 1.544e-005   (1.858%)
dens_Tc         = 1.02497          +/- 3.191e-005   (0.003114%)
Tc              = 46.0899          +/- 0.007592     (0.01647%)
g               = 3.8558           +/- 0.2224       (5.768%)
b               = 0.00153901       +/- 4.101e-005   (2.665%)


correlation matrix of the fit parameters:

               ml     mh     dens_T Tc     g      b      
ml              1.000 
mh              0.018  1.000 
dens_Tc        -0.044 -0.790  1.000 
Tc              0.121  0.511 -0.749  1.000 
g              -0.558 -0.123  0.249 -0.582  1.000 
b               0.673  0.536 -0.678  0.503 -0.567  1.000 


*******************************************************************************
Thu Sep 25 09:18:12 2014


FIT:    data read from 'lcdemo.dat'
        format = z
        #datapoints = 37
        residuals are weighted equally (unit weight)

function used for fitting: density(x)
fitted parameters and initial values from file: start.par



 Iteration 0
 WSSR        : 0.00089287        delta(WSSR)/WSSR   : 0
 delta(WSSR) : 0                 limit for stopping : 1e-010
 lambda	  : 1.09683

initial set of free parameter values

ml              = -0.0005
mh              = -0.0005
dens_Tc         = 1.02
Tc              = 45
g               = 1
b               = 0.01002

After 40 iterations the fit converged.
final sum of squares of residuals : 9.00221e-008
rel. change during last iteration : -9.07679e-011

degrees of freedom    (FIT_NDF)                        : 31
rms of residuals      (FIT_STDFIT) = sqrt(WSSR/ndf)    : 5.38882e-005
variance of residuals (reduced chisquare) = WSSR/ndf   : 2.90394e-009

Final set of parameters            Asymptotic Standard Error
=======================            ==========================

ml              = -0.00100004      +/- 7.816e-006   (0.7815%)
mh              = -0.000831266     +/- 1.544e-005   (1.858%)
dens_Tc         = 1.02497          +/- 3.191e-005   (0.003114%)
Tc              = 46.0899          +/- 0.007592     (0.01647%)
g               = 3.85585          +/- 0.2224       (5.768%)
b               = 0.00153901       +/- 4.101e-005   (2.665%)


correlation matrix of the fit parameters:

               ml     mh     dens_T Tc     g      b      
ml              1.000 
mh              0.018  1.000 
dens_Tc        -0.044 -0.790  1.000 
Tc              0.121  0.511 -0.749  1.000 
g              -0.558 -0.123  0.249 -0.582  1.000 
b               0.673  0.536 -0.678  0.503 -0.567  1.000 


*******************************************************************************
Thu Sep 25 09:18:12 2014


FIT:    data read from 'hemisphr.dat' using 1:2:3:(1)
        format = x:y:z:s
        #datapoints = 249
function used for fitting: h(x,y)
fitted parameters initialized with current variable values



 Iteration 0
 WSSR        : 21.2626           delta(WSSR)/WSSR   : 0
 delta(WSSR) : 0                 limit for stopping : 1e-005
 lambda	  : 1.04153

initial set of free parameter values

r               = 0.5
x0              = 0.1
y0              = 0.2
z0              = 0.3

Maximum iteration count (50) reached. Fit stopped.
final sum of squares of residuals : 0.0873913
rel. change during last iteration : -0.104984

degrees of freedom    (FIT_NDF)                        : 245
rms of residuals      (FIT_STDFIT) = sqrt(WSSR/ndf)    : 0.0188865
variance of residuals (reduced chisquare) = WSSR/ndf   : 0.000356699

Final set of parameters            Asymptotic Standard Error
=======================            ==========================

r               = 1.00102          +/- 0.0003912    (0.03908%)
x0              = -0.000308323     +/- 0.0003267    (105.9%)
y0              = 0.000600252      +/- 0.0004063    (67.69%)
z0              = 0.00253471       +/- 0.001616     (63.74%)


correlation matrix of the fit parameters:

               r      x0     y0     z0     
r               1.000 
x0             -0.228  1.000 
y0             -0.092 -0.841  1.000 
z0             -0.671  0.154  0.045  1.000 


*******************************************************************************
Thu Sep 25 09:18:12 2014


FIT:    data read from 'soundvel.dat' using 1:-2:2:(1)
        format = x:y:z:s
        #datapoints = 149
function used for fitting: f(x,y)
fitted parameters and initial values from file: sound.par



 Iteration 0
 WSSR        : 1.66518e+007      delta(WSSR)/WSSR   : 0
 delta(WSSR) : 0                 limit for stopping : 1e-005
 lambda	  : 106.375

initial set of free parameter values

c33             = 9
c11             = 6
c44             = 1
c13             = 4
phi0            = 20

After 5 iterations the fit converged.
final sum of squares of residuals : 78701.4
rel. change during last iteration : -7.57102e-008

degrees of freedom    (FIT_NDF)                        : 144
rms of residuals      (FIT_STDFIT) = sqrt(WSSR/ndf)    : 23.3781
variance of residuals (reduced chisquare) = WSSR/ndf   : 546.537

Final set of parameters            Asymptotic Standard Error
=======================            ==========================

c33             = 12.5887          +/- 0.02898      (0.2302%)
c11             = 5.49005          +/- 0.01846      (0.3363%)
c44             = 0.701948         +/- 0.009755     (1.39%)
c13             = 3.99875          +/- 0.03177      (0.7946%)
phi0            = -0.399583        +/- 0.13         (32.54%)


correlation matrix of the fit parameters:

               c33    c11    c44    c13    phi0   
c33             1.000 
c11            -0.066  1.000 
c44            -0.198 -0.278  1.000 
c13            -0.141  0.028 -0.086  1.000 
phi0            0.114 -0.022  0.034  0.181  1.000 


*******************************************************************************
Thu Sep 25 09:18:12 2014


FIT:    data read from 'soundvel.dat' every 5 using 1:-2:2:(1)
        format = x:y:z:s
        #datapoints = 31
function used for fitting: f(x,y)
fitted parameters and initial values from file: sound.par



 Iteration 0
 WSSR        : 3.41564e+006      delta(WSSR)/WSSR   : 0
 delta(WSSR) : 0                 limit for stopping : 1e-005
 lambda	  : 105.913

initial set of free parameter values

c33             = 9
c11             = 6
c44             = 1
c13             = 4
phi0            = 20

After 6 iterations the fit converged.
final sum of squares of residuals : 19071.4
rel. change during last iteration : -6.82517e-009

degrees of freedom    (FIT_NDF)                        : 26
rms of residuals      (FIT_STDFIT) = sqrt(WSSR/ndf)    : 27.0835
variance of residuals (reduced chisquare) = WSSR/ndf   : 733.517

Final set of parameters            Asymptotic Standard Error
=======================            ==========================

c33             = 12.5489          +/- 0.07395      (0.5893%)
c11             = 5.49073          +/- 0.04794      (0.8732%)
c44             = 0.705488         +/- 0.02385      (3.381%)
c13             = 3.93766          +/- 0.08229      (2.09%)
phi0            = -0.898932        +/- 0.3067       (34.11%)


correlation matrix of the fit parameters:

               c33    c11    c44    c13    phi0   
c33             1.000 
c11            -0.067  1.000 
c44            -0.227 -0.251  1.000 
c13            -0.196  0.051 -0.066  1.000 
phi0            0.086  0.006 -0.005  0.147  1.000 


*******************************************************************************
Thu Sep 25 09:18:12 2014


FIT:    data read from 'soundvel.dat' using 1:-2:2:(1)
        format = x:y:z:s
        #datapoints = 149
function used for fitting: f(x,y)
fitted parameters and initial values from file: sound2.par

FIXED:  c44	= 1	    
FIXED:  c13	= 4	    


 Iteration 0
 WSSR        : 9.79459e+006      delta(WSSR)/WSSR   : 0
 delta(WSSR) : 0                 limit for stopping : 1e-005
 lambda	  : 75.9851

initial set of free parameter values

c33             = 9
c11             = 6
phi0            = 0.0001

After 4 iterations the fit converged.
final sum of squares of residuals : 530146
rel. change during last iteration : -1.13295e-006

degrees of freedom    (FIT_NDF)                        : 146
rms of residuals      (FIT_STDFIT) = sqrt(WSSR/ndf)    : 60.2589
variance of residuals (reduced chisquare) = WSSR/ndf   : 3631.14

Final set of parameters            Asymptotic Standard Error
=======================            ==========================

c33             = 12.4011          +/- 0.07251      (0.5847%)
c11             = 5.34015          +/- 0.0462       (0.8651%)
phi0            = -0.162075        +/- 0.3543       (218.6%)


correlation matrix of the fit parameters:

               c33    c11    phi0   
c33             1.000 
c11            -0.135  1.000 
phi0            0.153  0.001  1.000 


*******************************************************************************
Thu Sep 25 09:18:12 2014


FIT:    data read from 'soundvel.dat' using 1:-2:2:(1)
        format = x:y:z:s
        #datapoints = 149
function used for fitting: f(x,y)
fitted parameters initialized with current variable values



 Iteration 0
 WSSR        : 1.66518e+007      delta(WSSR)/WSSR   : 0
 delta(WSSR) : 0                 limit for stopping : 1e-005
 lambda	  : 76.1591

initial set of free parameter values

c33             = 9
c11             = 6
phi0            = 20

After 4 iterations the fit converged.
final sum of squares of residuals : 530146
rel. change during last iteration : -2.62278e-006

degrees of freedom    (FIT_NDF)                        : 146
rms of residuals      (FIT_STDFIT) = sqrt(WSSR/ndf)    : 60.2589
variance of residuals (reduced chisquare) = WSSR/ndf   : 3631.14

Final set of parameters            Asymptotic Standard Error
=======================            ==========================

c33             = 12.4011          +/- 0.07251      (0.5847%)
c11             = 5.34015          +/- 0.0462       (0.8651%)
phi0            = -0.161896        +/- 0.3543       (218.9%)


correlation matrix of the fit parameters:

               c33    c11    phi0   
c33             1.000 
c11            -0.135  1.000 
phi0            0.153  0.001  1.000 


*******************************************************************************
Thu Sep 25 09:18:12 2014


FIT:    data read from 'moli3.dat' u 1:2:3
        format = x:z:s
        #datapoints = 125
function used for fitting: R(x)
fitted parameters initialized with current variable values



 Iteration 0
 WSSR        : 11442             delta(WSSR)/WSSR   : 0
 delta(WSSR) : 0                 limit for stopping : 1e-010
 lambda	  : 276065

initial set of free parameter values

eta             = 0.00012
tc              = 0.0018

After 11 iterations the fit converged.
final sum of squares of residuals : 4672.97
rel. change during last iteration : -6.32403e-011

degrees of freedom    (FIT_NDF)                        : 123
rms of residuals      (FIT_STDFIT) = sqrt(WSSR/ndf)    : 6.16374
variance of residuals (reduced chisquare) = WSSR/ndf   : 37.9916

Final set of parameters            Asymptotic Standard Error
=======================            ==========================

eta             = 0.000100782      +/- 1.963e-006   (1.947%)
tc              = 0.00202128       +/- 7.901e-005   (3.909%)


correlation matrix of the fit parameters:

               eta    tc     
eta             1.000 
tc              0.426  1.000 


*******************************************************************************
Thu Sep 25 09:18:13 2014


FIT:    data read from 'fit3.dat' index 0 using 1:2:4:(1)
        format = x:y:z:s
        z range restricted to [-3.00000 : 3.00000]
        #datapoints = 121
function used for fitting: a0/(1+a1*x**2+a2*y**2)
fitted parameters initialized with current variable values



 Iteration 0
 WSSR        : 192.008           delta(WSSR)/WSSR   : 0
 delta(WSSR) : 0                 limit for stopping : 1e-010
 lambda	  : 1.07821

initial set of free parameter values

a0              = 1
a1              = 0.1
a2              = 0.1

After 7 iterations the fit converged.
final sum of squares of residuals : 1.06046
rel. change during last iteration : -2.61569e-011

degrees of freedom    (FIT_NDF)                        : 118
rms of residuals      (FIT_STDFIT) = sqrt(WSSR/ndf)    : 0.0947997
variance of residuals (reduced chisquare) = WSSR/ndf   : 0.00898699

Final set of parameters            Asymptotic Standard Error
=======================            ==========================

a0              = -3.02276         +/- 0.05612      (1.857%)
a1              = 0.529104         +/- 0.02538      (4.798%)
a2              = 0.485019         +/- 0.02338      (4.821%)


correlation matrix of the fit parameters:

               a0     a1     a2     
a0              1.000 
a1             -0.636  1.000 
a2             -0.638  0.235  1.000 


*******************************************************************************
Thu Sep 25 09:18:13 2014


FIT:    data read from 'fit3.dat' in 3 u 1:2:4:(1)
        format = x:y:z:s
        z range restricted to [-3.00000 : 3.00000]
        #datapoints = 120
function used for fitting: a0/(1+a1*x**2+a2*y**2)
fitted parameters initialized with current variable values



 Iteration 0
 WSSR        : 271.203           delta(WSSR)/WSSR   : 0
 delta(WSSR) : 0                 limit for stopping : 1e-010
 lambda	  : 0.41817

initial set of free parameter values

a0              = -3.02276
a1              = 0.529104
a2              = 0.485019

After 7 iterations the fit converged.
final sum of squares of residuals : 1.17261
rel. change during last iteration : -3.78718e-016

degrees of freedom    (FIT_NDF)                        : 117
rms of residuals      (FIT_STDFIT) = sqrt(WSSR/ndf)    : 0.100112
variance of residuals (reduced chisquare) = WSSR/ndf   : 0.0100223

Final set of parameters            Asymptotic Standard Error
=======================            ==========================

a0              = 3.11978          +/- 0.0752       (2.41%)
a1              = 0.511296         +/- 0.02835      (5.544%)
a2              = 0.546667         +/- 0.03019      (5.522%)


correlation matrix of the fit parameters:

               a0     a1     a2     
a0              1.000 
a1              0.718  1.000 
a2              0.716  0.376  1.000 


*******************************************************************************
Thu Sep 25 09:18:13 2014


FIT:    data read from 'fit3.dat' u 1:2:3:4:(1)
        format = x:y:t:z:s
        z range restricted to [-3.00000 : 3.00000]
        #datapoints = 483
function used for fitting: f(x,y,t)
fitted parameters initialized with current variable values



 Iteration 0
 WSSR        : 663.276           delta(WSSR)/WSSR   : 0
 delta(WSSR) : 0                 limit for stopping : 1e-010
 lambda	  : 0.911415

initial set of free parameter values

a0              = 3.11978
a1              = 0.511296
a2              = 0.546667

After 5 iterations the fit converged.
final sum of squares of residuals : 4.56745
rel. change during last iteration : -4.67205e-012

degrees of freedom    (FIT_NDF)                        : 480
rms of residuals      (FIT_STDFIT) = sqrt(WSSR/ndf)    : 0.0975476
variance of residuals (reduced chisquare) = WSSR/ndf   : 0.00951553

Final set of parameters            Asymptotic Standard Error
=======================            ==========================

a0              = 1.02179          +/- 0.01414      (1.384%)
a1              = 0.517782         +/- 0.01766      (3.41%)
a2              = 0.508891         +/- 0.01737      (3.414%)


correlation matrix of the fit parameters:

               a0     a1     a2     
a0              1.000 
a1              0.669  1.000 
a2              0.669  0.289  1.000 
