This is pdfTeX, Version 3.14159265-2.6-1.40.20 (TeX Live 2019/Debian) (preloaded format=pdfetex 2023.5.31)  2 JUN 2023 20:31
entering extended mode
 restricted \write18 enabled.
 file:line:error style messages enabled.
 %&-line parsing enabled.
**\input ../../../.././logic.texi \input ../../../.././logic.texi
(../../../.././logic.texi
(/tmp/maxima-5.47.0/crosscompile-windows/build/maxima-prefix/src/maxima/share/l
ogic/texinfo.tex Loading texinfo [version 2013-02-01.11]:
\bindingoffset=\dimen16
\normaloffset=\dimen17
\pagewidth=\dimen18
\pageheight=\dimen19
\outerhsize=\dimen20
\outervsize=\dimen21
\cornerlong=\dimen22
\cornerthick=\dimen23
\topandbottommargin=\dimen24
\headlinebox=\box16
\footlinebox=\box17
\margin=\insert252
\EMsimple=\toks13
\groupbox=\box18
\groupinvalidhelp=\toks14
\mil=\dimen25
\exdentamount=\skip18
\inmarginspacing=\skip19
\centerpenalty=\count27
 pdf,
\tempnum=\count28
\lnkcount=\count29
\filename=\toks15
\filenamelength=\count30
\pgn=\count31
\toksA=\toks16
\toksB=\toks17
\toksC=\toks18
\toksD=\toks19
\boxA=\box19
\countA=\count32
\nopdfimagehelp=\toks20
 fonts,
\sffam=\fam8
\textleading=\dimen26
 markup,
\fontdepth=\count33

glyphs,
\errorbox=\box20
 page headings,
\titlepagetopglue=\skip20
\titlepagebottomglue=\skip21
\evenheadline=\toks21
\oddheadline=\toks22
\evenfootline=\toks23
\oddfootline=\toks24
 tables,
\tableindent=\dimen27
\itemindent=\dimen28
\itemmargin=\dimen29
\itemmax=\dimen30
\itemno=\count34
\multitableparskip=\skip22
\multitableparindent=\skip23
\multitablecolspace=\dimen31
\multitablelinespace=\skip24
\colcount=\count35
\everytab=\toks25
 conditionals,
\doignorecount=\count36
 indexing,
\whatsitskip=\skip25
\whatsitpenalty=\count37
\secondaryindent=\skip26
\partialpage=\box21
\doublecolumnhsize=\dimen32
 sectioning,
\unnumberedno=\count38
\chapno=\count39
\secno=\count40
\subsecno=\count41
\subsubsecno=\count42
\appendixno=\count43
\absseclevel=\count44
\secbase=\count45
\chapheadingskip=\skip27
\secheadingskip=\skip28
\subsecheadingskip=\skip29
 toc,
\tocfile=\write0
\contentsrightmargin=\skip30
\savepageno=\count46
\lastnegativepageno=\count47
\tocindent=\dimen33

environments,
\lispnarrowing=\skip31
\envskipamount=\skip32
\circthick=\dimen34
\cartouter=\dimen35
\cartinner=\dimen36
\normbskip=\skip33
\normpskip=\skip34
\normlskip=\skip35
\lskip=\skip36
\rskip=\skip37
\nonfillparindent=\dimen37
\tabw=\dimen38
\verbbox=\box22
 defuns,
\defbodyindent=\skip38
\defargsindent=\skip39
\deflastargmargin=\skip40
\defunpenalty=\count48
\parencount=\count49
\brackcount=\count50
 macros,
\paramno=\count51
\macname=\toks26
 cross references,
\auxfile=\write1
\savesfregister=\count52
\toprefbox=\box23
\printedrefnamebox=\box24
\infofilenamebox=\box25
\printedmanualbox=\box26
 insertions,
\footnoteno=\count53
\SAVEfootins=\box27
\SAVEmargin=\box28

(/usr/share/texlive/texmf-dist/tex/generic/epsf/epsf.tex
This is `epsf.tex' v2.7.4 <14 February 2011>
\epsffilein=\read1
\epsfframemargin=\dimen39
\epsfframethickness=\dimen40
\epsfrsize=\dimen41
\epsftmp=\dimen42
\epsftsize=\dimen43
\epsfxsize=\dimen44
\epsfysize=\dimen45
\pspoints=\dimen46
)
\noepsfhelp=\toks27
 localization,
\nolanghelp=\toks28
\countUTFx=\count54
\countUTFy=\count55
\countUTFz=\count56
 formatting,
\defaultparindent=\dimen47
 and turning on texinfo input format.) (./logic.aux)
\openout1 = `logic.aux'.

@cpindfile=@write2
@fnindfile=@write3
@vrindfile=@write4
@tpindfile=@write5
@kyindfile=@write6
@pgindfile=@write7
()
\openout0 = `logic.toc'.

 Chapter 1
Overfull \hbox (6.23044pt too wide) in paragraph at lines 59--59
 @textbf Binding

@hbox(7.60416+2.12917)x43.36464
.@glue(@leftskip) 12.0
.@textbf B
.@textbf i
.@textbf n
.@textbf d
.etc.


Underfull \hbox (badness 10000) in paragraph at lines 73--74
 @textrm Sheffer stroke (al-ter-na-tive de-nial,

@hbox(8.2125+2.73749)x195.12767, glue set 4.36461
.@glue(@leftskip) 12.0
.@textrm S
.@textrm h
.@textrm e
.@textrm  (ligature ff)
.etc.


Underfull \hbox (badness 10000) in paragraph at lines 78--79
 @textrm Webb-operation or Peirce ar-row

@hbox(7.60416+2.12917)x195.12767, glue set 5.44797
.@glue(@leftskip) 12.0
.@textrm W
.@kern-0.91252
.@textrm e
.@textrm b
.etc.

[1
\openout2 = `logic.cp'.

\openout3 = `logic.fn'.

\openout4 = `logic.vr'.

\openout5 = `logic.tp'.

\openout6 = `logic.ky'.

\openout7 = `logic.pg'.

{/var/lib/texmf/fonts/map/pdftex/updmap/pdftex.map}] [2] [3] [4] [5] [6]
Appendix A (./logic.fns) [7] ) 
Here is how much of TeX's memory you used:
 1893 strings out of 495770
 23197 string characters out of 6180112
 67425 words of memory out of 5000000
 3267 multiletter control sequences out of 15000+600000
 32127 words of font info for 112 fonts, out of 8000000 for 9000
 810 hyphenation exceptions out of 8191
 11i,5n,16p,314b,567s stack positions out of 5000i,500n,10000p,200000b,80000s
</usr/share/texlive/texmf-dist/fonts/type1/public
/amsfonts/cm/cmb10.pfb></usr/share/texlive/texmf-dist/fonts/type1/public/amsfon
ts/cm/cmbx12.pfb></usr/share/texlive/texmf-dist/fonts/type1/public/amsfonts/cm/
cmmi10.pfb></usr/share/texlive/texmf-dist/fonts/type1/public/amsfonts/cm/cmmi7.
pfb></usr/share/texlive/texmf-dist/fonts/type1/public/amsfonts/cm/cmmi9.pfb></u
sr/share/texlive/texmf-dist/fonts/type1/public/amsfonts/cm/cmr10.pfb></usr/shar
e/texlive/texmf-dist/fonts/type1/public/amsfonts/cm/cmr9.pfb></usr/share/texliv
e/texmf-dist/fonts/type1/public/amsfonts/cm/cmsl10.pfb></usr/share/texlive/texm
f-dist/fonts/type1/public/amsfonts/cm/cmsltt10.pfb></usr/share/texlive/texmf-di
st/fonts/type1/public/amsfonts/cm/cmss10.pfb></usr/share/texlive/texmf-dist/fon
ts/type1/public/amsfonts/cm/cmsy10.pfb></usr/share/texlive/texmf-dist/fonts/typ
e1/public/amsfonts/cm/cmtt10.pfb></usr/share/texlive/texmf-dist/fonts/type1/pub
lic/amsfonts/cm/cmtt9.pfb>
Output written on logic.pdf (7 pages, 150491 bytes).
PDF statistics:
 115 PDF objects out of 1000 (max. 8388607)
 89 compressed objects within 1 object stream
 11 named destinations out of 1000 (max. 500000)
 13 words of extra memory for PDF output out of 10000 (max. 10000000)

