This is pdfTeX, Version 3.14159265-2.6-1.40.20 (TeX Live 2019/Debian) (preloaded format=pdfetex 2023.5.31)  2 JUN 2023 20:31
entering extended mode
 restricted \write18 enabled.
 file:line:error style messages enabled.
 %&-line parsing enabled.
**\bgroup\catcode62=2\relax \catcode`\_=12\relax \toks0\bgroup\input ../../../.
././nelder_mead.texi \relax>\expandafter\egroup\the\toks0\relax \bgroup\catcode
62=2\relax \catcode`\_=12\relax \toks0\bgroup\input ../../../.././nelder_mead.t
exi \relax>\expandafter\egroup\the\toks0\relax
(../../../.././nelder_mead.texi
(/tmp/maxima-5.47.0/crosscompile-windows/build/maxima-prefix/src/maxima/share/n
elder_mead/texinfo.tex Loading texinfo [version 2013-02-01.11]:
\bindingoffset=\dimen16
\normaloffset=\dimen17
\pagewidth=\dimen18
\pageheight=\dimen19
\outerhsize=\dimen20
\outervsize=\dimen21
\cornerlong=\dimen22
\cornerthick=\dimen23
\topandbottommargin=\dimen24
\headlinebox=\box16
\footlinebox=\box17
\margin=\insert252
\EMsimple=\toks13
\groupbox=\box18
\groupinvalidhelp=\toks14
\mil=\dimen25
\exdentamount=\skip18
\inmarginspacing=\skip19
\centerpenalty=\count27
 pdf,
\tempnum=\count28
\lnkcount=\count29
\filename=\toks15
\filenamelength=\count30
\pgn=\count31
\toksA=\toks16
\toksB=\toks17
\toksC=\toks18
\toksD=\toks19
\boxA=\box19
\countA=\count32
\nopdfimagehelp=\toks20
 fonts,
\sffam=\fam8
\textleading=\dimen26

markup,
\fontdepth=\count33
 glyphs,
\errorbox=\box20
 page headings,
\titlepagetopglue=\skip20
\titlepagebottomglue=\skip21
\evenheadline=\toks21
\oddheadline=\toks22
\evenfootline=\toks23
\oddfootline=\toks24
 tables,
\tableindent=\dimen27
\itemindent=\dimen28
\itemmargin=\dimen29
\itemmax=\dimen30
\itemno=\count34
\multitableparskip=\skip22
\multitableparindent=\skip23
\multitablecolspace=\dimen31
\multitablelinespace=\skip24
\colcount=\count35
\everytab=\toks25
 conditionals,
\doignorecount=\count36
 indexing,
\whatsitskip=\skip25
\whatsitpenalty=\count37
\secondaryindent=\skip26
\partialpage=\box21
\doublecolumnhsize=\dimen32
 sectioning,
\unnumberedno=\count38
\chapno=\count39
\secno=\count40
\subsecno=\count41
\subsubsecno=\count42
\appendixno=\count43
\absseclevel=\count44
\secbase=\count45
\chapheadingskip=\skip27
\secheadingskip=\skip28
\subsecheadingskip=\skip29

toc,
\tocfile=\write0
\contentsrightmargin=\skip30
\savepageno=\count46
\lastnegativepageno=\count47
\tocindent=\dimen33
 environments,
\lispnarrowing=\skip31
\envskipamount=\skip32
\circthick=\dimen34
\cartouter=\dimen35
\cartinner=\dimen36
\normbskip=\skip33
\normpskip=\skip34
\normlskip=\skip35
\lskip=\skip36
\rskip=\skip37
\nonfillparindent=\dimen37
\tabw=\dimen38
\verbbox=\box22
 defuns,
\defbodyindent=\skip38
\defargsindent=\skip39
\deflastargmargin=\skip40
\defunpenalty=\count48
\parencount=\count49
\brackcount=\count50
 macros,
\paramno=\count51
\macname=\toks26
 cross references,
\auxfile=\write1
\savesfregister=\count52
\toprefbox=\box23
\printedrefnamebox=\box24
\infofilenamebox=\box25
\printedmanualbox=\box26
 insertions,
\footnoteno=\count53
\SAVEfootins=\box27
\SAVEmargin=\box28

(/usr/share/texlive/texmf-dist/tex/generic/epsf/epsf.tex
This is `epsf.tex' v2.7.4 <14 February 2011>
\epsffilein=\read1
\epsfframemargin=\dimen39
\epsfframethickness=\dimen40
\epsfrsize=\dimen41
\epsftmp=\dimen42
\epsftsize=\dimen43
\epsfxsize=\dimen44
\epsfysize=\dimen45
\pspoints=\dimen46
)
\noepsfhelp=\toks27
 localization,
\nolanghelp=\toks28
\countUTFx=\count54
\countUTFy=\count55
\countUTFz=\count56
 formatting,
\defaultparindent=\dimen47
 and turning on texinfo input format.)
(./nelder_mead.aux)
\openout1 = `nelder_mead.aux'.

@cpindfile=@write2
@fnindfile=@write3
@vrindfile=@write4
@tpindfile=@write5
@kyindfile=@write6
@pgindfile=@write7
 ()
\openout0 = `nelder_mead.toc'.

 Chapter 1 [1
\openout2 = `nelder_mead.cp'.

\openout3 = `nelder_mead.fn'.

\openout4 = `nelder_mead.vr'.

\openout5 = `nelder_mead.tp'.

\openout6 = `nelder_mead.ky'.

\openout7 = `nelder_mead.pg'.

]
Missing character: There is no Ã in font cmr10!
Missing character: There is no ¼ in font cmr10!
Missing character: There is no Ã in font cmr10!
Missing character: There is no ¼ in font cmr10!
 Appendix A [2{/var/lib/texmf/fonts/map/pdftex/updmap/pdftex.map}] (./nelder_me
ad.fns)
Overfull \vbox (5.25pt too high) has occurred while \output is active
\vbox(30.75+0.87708)x207.80492
.\glue(\topskip) 30.20001
.\hbox(5.79999+0.87708)x207.80492, glue set 138.8723fill
..\smalltt n
..\smalltt e
..\smalltt l
..\smalltt d
..\smalltt e
..etc.
.\mark{\gdef \thischaptername {Function and variable index}\gdef \thischapternu
m \ETC.}
.\mark{\gdef \thischaptername {Function and variable index}\gdef \thischapternu
m \ETC.}


Overfull \vbox (5.25pt too high) has occurred while \output is active
\vbox(30.75+0.87708)x207.80492
.\glue(\topskip) 30.20001
.\hbox(5.79999+0.87708)x207.80492, glue set 138.8723fill
..\smalltt n
..\smalltt e
..\smalltt l
..\smalltt d
..\smalltt e
..etc.
.\mark{\gdef \thischaptername {Function and variable index}\gdef \thischapternu
m \ETC.}
.\mark{\gdef \thischaptername {Function and variable index}\gdef \thischapternu
m \ETC.}

 [3] ) 
Here is how much of TeX's memory you used:
 1876 strings out of 495770
 23233 string characters out of 6180112
 57627 words of memory out of 5000000
 3253 multiletter control sequences out of 15000+600000
 32127 words of font info for 112 fonts, out of 8000000 for 9000
 810 hyphenation exceptions out of 8191
 14i,4n,16p,532b,567s stack positions out of 5000i,500n,10000p,200000b,80000s
</usr/share/texlive/texmf-dist/fonts/type1/public/amsfonts/cm/cmbx12.pfb>
</usr/share/texlive/texmf-dist/fonts/type1/public/amsfonts/cm/cmmi9.pfb></usr/s
hare/texlive/texmf-dist/fonts/type1/public/amsfonts/cm/cmr10.pfb></usr/share/te
xlive/texmf-dist/fonts/type1/public/amsfonts/cm/cmr9.pfb></usr/share/texlive/te
xmf-dist/fonts/type1/public/amsfonts/cm/cmsl10.pfb></usr/share/texlive/texmf-di
st/fonts/type1/public/amsfonts/cm/cmsltt10.pfb></usr/share/texlive/texmf-dist/f
onts/type1/public/amsfonts/cm/cmss10.pfb></usr/share/texlive/texmf-dist/fonts/t
ype1/public/amsfonts/cm/cmtt10.pfb></usr/share/texlive/texmf-dist/fonts/type1/p
ublic/amsfonts/cm/cmtt9.pfb>
Output written on nelder_mead.pdf (3 pages, 104747 bytes).
PDF statistics:
 65 PDF objects out of 1000 (max. 8388607)
 47 compressed objects within 1 object stream
 7 named destinations out of 1000 (max. 500000)
 13 words of extra memory for PDF output out of 10000 (max. 10000000)

